Using pre-set license
Built from '2021.3/staging' branch; Version is '2021.3.4f1 (cb45f9cae8b7) revision 13321721'; Using compiler version '192829333'; Build Type 'Release'
OS: 'Windows 10  (10.0.19045) 64bit ProfessionalN' Language: 'en' Physical Memory: 32672 MB
BatchMode: 1, IsHumanControllingUs: 0, StartBugReporterOnCrash: 0, Is64bit: 1, IsPro: 1

COMMAND LINE ARGUMENTS:
C:\Program Files\Unity\Hub\Editor\2021.3.4f1\Editor\Unity.exe
-adb2
-batchMode
-noUpm
-name
AssetImportWorker3
-projectPath
C:/Users/jackd/Desktop/unity projects/ElonGame/ElonGame/Elon-Musk-Rocket-Builder/Elon Musk Rocket Builder
-logFile
Logs/AssetImportWorker3.log
-srvPort
51670
Successfully changed project path to: C:/Users/jackd/Desktop/unity projects/ElonGame/ElonGame/Elon-Musk-Rocket-Builder/Elon Musk Rocket Builder
C:/Users/jackd/Desktop/unity projects/ElonGame/ElonGame/Elon-Musk-Rocket-Builder/Elon Musk Rocket Builder
[UnityMemory] Configuration Parameters - Can be set up in boot.config
    "memorysetup-bucket-allocator-granularity=16"
    "memorysetup-bucket-allocator-bucket-count=8"
    "memorysetup-bucket-allocator-block-size=33554432"
    "memorysetup-bucket-allocator-block-count=8"
    "memorysetup-main-allocator-block-size=16777216"
    "memorysetup-thread-allocator-block-size=16777216"
    "memorysetup-gfx-main-allocator-block-size=16777216"
    "memorysetup-gfx-thread-allocator-block-size=16777216"
    "memorysetup-cache-allocator-block-size=4194304"
    "memorysetup-typetree-allocator-block-size=2097152"
    "memorysetup-profiler-bucket-allocator-granularity=16"
    "memorysetup-profiler-bucket-allocator-bucket-count=8"
    "memorysetup-profiler-bucket-allocator-block-size=33554432"
    "memorysetup-profiler-bucket-allocator-block-count=8"
    "memorysetup-profiler-allocator-block-size=16777216"
    "memorysetup-profiler-editor-allocator-block-size=1048576"
    "memorysetup-temp-allocator-size-main=16777216"
    "memorysetup-job-temp-allocator-block-size=2097152"
    "memorysetup-job-temp-allocator-block-size-background=1048576"
    "memorysetup-job-temp-allocator-reduction-small-platforms=262144"
    "memorysetup-temp-allocator-size-background-worker=32768"
    "memorysetup-temp-allocator-size-job-worker=262144"
    "memorysetup-temp-allocator-size-preload-manager=33554432"
    "memorysetup-temp-allocator-size-nav-mesh-worker=65536"
    "memorysetup-temp-allocator-size-audio-worker=65536"
    "memorysetup-temp-allocator-size-cloud-worker=32768"
    "memorysetup-temp-allocator-size-gi-baking-worker=262144"
    "memorysetup-temp-allocator-size-gfx=262144"
Refreshing native plugins compatible for Editor in 146.07 ms, found 3 plugins.
Preloading 0 native plugins for Editor in 0.00 ms.
Initialize engine version: 2021.3.4f1 (cb45f9cae8b7)
[Subsystems] Discovering subsystems at path C:/Program Files/Unity/Hub/Editor/2021.3.4f1/Editor/Data/Resources/UnitySubsystems
[Subsystems] Discovering subsystems at path C:/Users/jackd/Desktop/unity projects/ElonGame/ElonGame/Elon-Musk-Rocket-Builder/Elon Musk Rocket Builder/Assets
GfxDevice: creating device client; threaded=0; jobified=0
Direct3D:
    Version:  Direct3D 11.0 [level 11.1]
    Renderer: NVIDIA GeForce GTX 1050 Ti (ID=0x1c82)
    Vendor:   NVIDIA
    VRAM:     4018 MB
    Driver:   31.0.15.1694
Initialize mono
Mono path[0] = 'C:/Program Files/Unity/Hub/Editor/2021.3.4f1/Editor/Data/Managed'
Mono path[1] = 'C:/Program Files/Unity/Hub/Editor/2021.3.4f1/Editor/Data/MonoBleedingEdge/lib/mono/unityjit-win32'
Mono config path = 'C:/Program Files/Unity/Hub/Editor/2021.3.4f1/Editor/Data/MonoBleedingEdge/etc'
Using monoOptions --debugger-agent=transport=dt_socket,embedding=1,server=y,suspend=n,address=127.0.0.1:56260
Begin MonoManager ReloadAssembly
Registering precompiled unity dll's ...
Register platform support module: C:/Program Files/Unity/Hub/Editor/2021.3.4f1/Editor/Data/PlaybackEngines/WindowsStandaloneSupport/UnityEditor.WindowsStandalone.Extensions.dll
Registered in 0.011702 seconds.
Native extension for WindowsStandalone target not found
Refreshing native plugins compatible for Editor in 108.66 ms, found 3 plugins.
Preloading 0 native plugins for Editor in 0.00 ms.
Mono: successfully reloaded assembly
- Completed reload, in  0.710 seconds
Domain Reload Profiling:
	ReloadAssembly (711ms)
		BeginReloadAssembly (95ms)
			ExecutionOrderSort (0ms)
			DisableScriptedObjects (0ms)
			BackupInstance (0ms)
			ReleaseScriptingObjects (0ms)
			CreateAndSetChildDomain (1ms)
		EndReloadAssembly (468ms)
			LoadAssemblies (91ms)
			RebuildTransferFunctionScriptingTraits (0ms)
			SetupTypeCache (117ms)
			ReleaseScriptCaches (0ms)
			RebuildScriptCaches (24ms)
			SetupLoadedEditorAssemblies (280ms)
				LogAssemblyErrors (0ms)
				InitializePlatformSupportModulesInManaged (8ms)
				SetLoadedEditorAssemblies (0ms)
				RefreshPlugins (109ms)
				BeforeProcessingInitializeOnLoad (1ms)
				ProcessInitializeOnLoadAttributes (122ms)
				ProcessInitializeOnLoadMethodAttributes (41ms)
				AfterProcessingInitializeOnLoad (0ms)
				EditorAssembliesLoaded (0ms)
			ExecutionOrderSort2 (0ms)
			AwakeInstancesAfterBackupRestoration (0ms)
Platform modules already initialized, skipping
Registering precompiled user dll's ...
Registered in 0.010316 seconds.
Begin MonoManager ReloadAssembly
Symbol file LoadedFromMemory doesn't match image C:\Users\jackd\Desktop\unity projects\ElonGame\ElonGame\Elon-Musk-Rocket-Builder\Elon Musk Rocket Builder\Library\PackageCache\com.unity.visualscripting@1.7.8\Editor\VisualScripting.Core\Dependencies\YamlDotNet\Unity.VisualScripting.YamlDotNet.dll
Symbol file LoadedFromMemory doesn't match image C:\Users\jackd\Desktop\unity projects\ElonGame\ElonGame\Elon-Musk-Rocket-Builder\Elon Musk Rocket Builder\Library\PackageCache\com.unity.visualscripting@1.7.8\Editor\VisualScripting.Core\Dependencies\DotNetZip\Unity.VisualScripting.IonicZip.dll
Native extension for WindowsStandalone target not found
Refreshing native plugins compatible for Editor in 153.27 ms, found 3 plugins.
Preloading 0 native plugins for Editor in 0.00 ms.
Mono: successfully reloaded assembly
- Completed reload, in  1.347 seconds
Domain Reload Profiling:
	ReloadAssembly (1348ms)
		BeginReloadAssembly (121ms)
			ExecutionOrderSort (0ms)
			DisableScriptedObjects (7ms)
			BackupInstance (0ms)
			ReleaseScriptingObjects (0ms)
			CreateAndSetChildDomain (24ms)
		EndReloadAssembly (1108ms)
			LoadAssemblies (95ms)
			RebuildTransferFunctionScriptingTraits (0ms)
			SetupTypeCache (264ms)
			ReleaseScriptCaches (1ms)
			RebuildScriptCaches (65ms)
			SetupLoadedEditorAssemblies (641ms)
				LogAssemblyErrors (0ms)
				InitializePlatformSupportModulesInManaged (6ms)
				SetLoadedEditorAssemblies (0ms)
				RefreshPlugins (153ms)
				BeforeProcessingInitializeOnLoad (135ms)
				ProcessInitializeOnLoadAttributes (259ms)
				ProcessInitializeOnLoadMethodAttributes (77ms)
				AfterProcessingInitializeOnLoad (10ms)
				EditorAssembliesLoaded (0ms)
			ExecutionOrderSort2 (0ms)
			AwakeInstancesAfterBackupRestoration (6ms)
Platform modules already initialized, skipping
========================================================================
Worker process is ready to serve import requests
Launched and connected shader compiler UnityShaderCompiler.exe after 0.05 seconds
Refreshing native plugins compatible for Editor in 1.06 ms, found 3 plugins.
Preloading 0 native plugins for Editor in 0.00 ms.
Unloading 5571 Unused Serialized files (Serialized files now loaded: 0)
Unloading 48 unused Assets / (0.8 MB). Loaded Objects now: 6024.
Memory consumption went from 221.2 MB to 220.4 MB.
Total: 4.960300 ms (FindLiveObjects: 0.549100 ms CreateObjectMapping: 0.157300 ms MarkObjects: 3.613800 ms  DeleteObjects: 0.638000 ms)

AssetImportParameters requested are different than current active one (requested -> active):
  custom:video-decoder-ogg-theora: a1e56fd34408186e4bbccfd4996cb3dc -> 
  custom:container-muxer-webm: aa71ff27fc2769a1b78a27578f13a17b -> 
  custom:container-demuxer-webm: 4f35f7cbe854078d1ac9338744f61a02 -> 
  custom:video-encoder-webm-vp8: eb34c28f22e8b96e1ab97ce403110664 -> 
  custom:audio-encoder-webm-vorbis: bf7c407c2cedff20999df2af8eb42d56 -> 
  custom:framework-win-MediaFoundation: 216162199b28c13a410421893ffa2e32 -> 
  custom:container-demuxer-ogg: 62fdf1f143b41e24485cea50d1cbac27 -> 
  custom:video-decoder-webm-vp8: 9c59270c3fd7afecdb556c50c9e8de78 -> 
  custom:audio-decoder-ogg-vorbis: bf7c407c2cedff20999df2af8eb42d56 -> 
========================================================================
Received Import Request.
  Time since last request: 680588.862019 seconds.
  path: Assets/Art/Models/BoxStack.fbx
  artifactKey: Guid(57fbe6fdd2ad2ec4cab30c7cd8486b86) Importer(815301076,1909f56bfc062723c751e8b465ee728b)
Start importing Assets/Art/Models/BoxStack.fbx using Guid(57fbe6fdd2ad2ec4cab30c7cd8486b86) Importer(815301076,1909f56bfc062723c751e8b465ee728b)  -> (artifact id: 'a1a40744a5405f657743ea73442d0be8') in 0.377269 seconds 
========================================================================
Received Import Request.
  Time since last request: 337.206275 seconds.
  path: Assets/Art/Models/Box.fbx
  artifactKey: Guid(6fb286ae07b422b4381c983d1e8c6b04) Importer(815301076,1909f56bfc062723c751e8b465ee728b)
Start importing Assets/Art/Models/Box.fbx using Guid(6fb286ae07b422b4381c983d1e8c6b04) Importer(815301076,1909f56bfc062723c751e8b465ee728b)  -> (artifact id: 'e823c466142e9f77a44e180ea67db301') in 0.043796 seconds 
========================================================================
Received Import Request.
  Time since last request: 0.000030 seconds.
  path: Assets/Art/Models/Can_crunched.fbx
  artifactKey: Guid(6f9c641ce39e27646b1ac53205887fc1) Importer(815301076,1909f56bfc062723c751e8b465ee728b)
Start importing Assets/Art/Models/Can_crunched.fbx using Guid(6f9c641ce39e27646b1ac53205887fc1) Importer(815301076,1909f56bfc062723c751e8b465ee728b)  -> (artifact id: '88917c8f01d230d5e562c44086bd2cdb') in 0.037005 seconds 
========================================================================
Received Import Request.
  Time since last request: 0.000053 seconds.
  path: Assets/Art/Models/VendingMachine.fbx
  artifactKey: Guid(486cf8692dc02a94198c281b4cb59130) Importer(815301076,1909f56bfc062723c751e8b465ee728b)
Start importing Assets/Art/Models/VendingMachine.fbx using Guid(486cf8692dc02a94198c281b4cb59130) Importer(815301076,1909f56bfc062723c751e8b465ee728b)  -> (artifact id: 'a554216029aaf1610657c54d4842a692') in 0.105770 seconds 
========================================================================
Received Import Request.
  Time since last request: 0.000037 seconds.
  path: Assets/Art/Models/BoxStack.fbx
  artifactKey: Guid(57fbe6fdd2ad2ec4cab30c7cd8486b86) Importer(815301076,1909f56bfc062723c751e8b465ee728b)
Start importing Assets/Art/Models/BoxStack.fbx using Guid(57fbe6fdd2ad2ec4cab30c7cd8486b86) Importer(815301076,1909f56bfc062723c751e8b465ee728b)  -> (artifact id: '108be63ae1b8c8cffef9ba278a4d8e30') in 0.035746 seconds 
========================================================================
Received Import Request.
  Time since last request: 73.233586 seconds.
  path: Assets/Art/Materials/Colors_Glow.mat
  artifactKey: Guid(5d21fcd1d0261854382b97288dd2167e) Importer(815301076,1909f56bfc062723c751e8b465ee728b)
Start importing Assets/Art/Materials/Colors_Glow.mat using Guid(5d21fcd1d0261854382b97288dd2167e) Importer(815301076,1909f56bfc062723c751e8b465ee728b)  -> (artifact id: 'f4a2172ea05e654faa995b995b93268c') in 1.256475 seconds 
========================================================================
Received Import Request.
  Time since last request: 0.000074 seconds.
  path: Assets/Art/Materials/Glow.mat
  artifactKey: Guid(5e3742e57f755b14bafb9a3db463545e) Importer(815301076,1909f56bfc062723c751e8b465ee728b)
Start importing Assets/Art/Materials/Glow.mat using Guid(5e3742e57f755b14bafb9a3db463545e) Importer(815301076,1909f56bfc062723c751e8b465ee728b)  -> (artifact id: 'b1ce9bbe20d168a5d2a58fa66092e1a1') in 0.018614 seconds 
========================================================================
Received Import Request.
  Time since last request: 0.000077 seconds.
  path: Assets/Art/Materials/FloorTiles.mat
  artifactKey: Guid(62f9b6a2fbb9e9b44b40b2ce0fb034cd) Importer(815301076,1909f56bfc062723c751e8b465ee728b)
Start importing Assets/Art/Materials/FloorTiles.mat using Guid(62f9b6a2fbb9e9b44b40b2ce0fb034cd) Importer(815301076,1909f56bfc062723c751e8b465ee728b)  -> (artifact id: '063394a99e2dcaceb220ac21980c10b1') in 1.306067 seconds 
Editor requested this worker to shutdown with reason: Scaling down because of idle timeout
AssetImportWorker is now disconnected from the server
Process exiting
Exiting without the bug reporter. Application will terminate with return code 0